\BOOKMARK [0][-]{section*.2}{\376\377\006\101\006\107\006\061\006\063\006\052\000\040\006\052\006\065\006\047\006\110\006\314\006\061}{}% 1
\BOOKMARK [0][-]{chapter.1}{\376\377\006\105\006\102\006\057\006\105\006\107}{}% 2
\BOOKMARK [1][-]{section.1.1}{\376\377\006\105\006\102\006\057\006\105\006\107}{chapter.1}% 3
\BOOKMARK [1][-]{section.1.2}{\376\377\006\061\006\050\006\047\006\052\000\040\006\110\000\040\006\047\006\106\006\110\006\047\006\071\000\040\006\042\006\106}{chapter.1}% 4
\BOOKMARK [2][-]{subsection.1.2.1}{\376\377\006\061\006\050\006\047\006\052\040\014\006\107\006\047\006\314\000\040\006\063\006\061\006\314}{section.1.2}% 5
\BOOKMARK [2][-]{subsection.1.2.2}{\376\377\006\061\006\050\006\047\006\052\040\014\006\107\006\047\006\314\000\040\006\105\006\110\006\047\006\062\006\314}{section.1.2}% 6
\BOOKMARK [2][-]{subsection.1.2.3}{\376\377\006\061\006\050\006\047\006\052\040\014\006\107\006\047\006\314\000\040\006\105\006\052\006\055\006\061\006\251}{section.1.2}% 7
\BOOKMARK [1][-]{section.1.3}{\376\377\006\061\006\050\006\047\006\052\000\040\006\071\006\106\006\251\006\050\006\110\006\052\006\314\000\040\006\206\006\107\006\047\006\061\006\176\006\047}{chapter.1}% 8
\BOOKMARK [2][-]{subsection.1.3.1}{\376\377\006\061\006\050\006\047\006\052\040\014\006\107\006\047\006\314\000\040\006\071\006\106\006\251\006\050\006\110\006\052\006\314}{section.1.3}% 9
\BOOKMARK [3][-]{subsubsection.1.3.1.1}{\376\377\006\176\006\047\006\314\006\057\006\047\006\061\006\314\000\040\006\047\006\063\006\052\006\047\006\052\006\314\006\251\006\314}{subsection.1.3.1}% 10
\BOOKMARK [2][-]{subsection.1.3.2}{\376\377\006\061\006\050\006\047\006\052\040\014\006\107\006\047\006\314\000\040\006\071\006\106\006\251\006\050\006\110\006\052\006\314\000\040\006\206\006\107\006\047\006\061\006\176\006\047}{section.1.3}% 11
\BOOKMARK [1][-]{section.1.4}{\376\377\006\052\006\047\006\053\006\314\006\061\000\040\006\107\006\110\006\064\000\040\006\105\006\065\006\106\006\110\006\071\006\314\000\040\006\050\006\061\000\040\006\061\006\050\006\047\006\052\006\314\006\251}{chapter.1}% 12
\BOOKMARK [1][-]{section.1.5}{\376\377\006\105\006\061\006\110\006\061\006\314\000\040\006\050\006\061\000\040\006\047\006\104\006\257\006\110\006\061\006\314\006\052\006\105\040\014\006\107\006\047\006\314\000\040\006\105\006\063\006\314\006\061\006\314\006\047\006\050\006\314}{chapter.1}% 13
\BOOKMARK [1][-]{section.1.6}{\376\377\006\047\006\107\006\057\006\047\006\101\000\040\006\110\000\040\006\106\006\110\006\042\006\110\006\061\006\314}{chapter.1}% 14
\BOOKMARK [1][-]{section.1.7}{\376\377\006\063\006\047\006\056\006\052\006\047\006\061\000\040\006\176\006\047\006\314\006\047\006\106\040\014\006\106\006\047\006\105\006\107}{chapter.1}% 15
\BOOKMARK [1][-]{section.1.8}{\376\377\006\054\006\105\006\071\000\040\006\050\006\106\006\057\006\314}{chapter.1}% 16
\BOOKMARK [0][-]{chapter.2}{\376\377\006\105\006\063\006\314\006\061\006\314\006\047\006\050\006\314\000\040\006\110\000\040\006\047\006\104\006\257\006\110\006\061\006\314\006\052\006\105\000\040\006\107\006\047\006\314\000\040\006\176\006\314\006\047\006\057\006\107\000\040\006\063\006\047\006\062\006\314\000\040\006\064\006\057\006\107}{}% 17
\BOOKMARK [1][-]{section.2.1}{\376\377\006\105\006\102\006\057\006\105\006\107}{chapter.2}% 18
\BOOKMARK [1][-]{section.2.2}{\376\377\006\176\006\061\006\057\006\047\006\062\006\064\000\040\006\052\006\065\006\110\006\314\006\061}{chapter.2}% 19
\BOOKMARK [2][-]{subsection.2.2.1}{\376\377\006\105\006\102\006\057\006\105\006\107}{section.2.2}% 20
\BOOKMARK [2][-]{subsection.2.2.2}{\376\377\006\052\006\065\006\110\006\314\006\061\000\040\006\206\006\314\006\063\006\052\006\037}{section.2.2}% 21
\BOOKMARK [2][-]{subsection.2.2.3}{\376\377\006\176\006\061\006\057\006\047\006\062\006\064\000\040\006\052\006\065\006\110\006\314\006\061\000\040\006\206\006\314\006\063\006\052\006\037}{section.2.2}% 22
\BOOKMARK [1][-]{section.2.3}{\376\377\006\052\006\064\006\056\006\314\006\065\000\040\006\105\006\110\006\047\006\106\006\071}{chapter.2}% 23
\BOOKMARK [2][-]{subsection.2.3.1}{\376\377\006\052\006\064\006\056\006\314\006\065\000\040\006\061\006\106\006\257}{section.2.3}% 24
\BOOKMARK [2][-]{subsection.2.3.2}{\376\377\006\052\006\064\006\056\006\314\006\065\000\040\006\104\006\050\006\107\040\014\006\107\006\047}{section.2.3}% 25
\BOOKMARK [2][-]{subsection.2.3.3}{\376\377\006\064\006\050\006\107\040\014\006\251\006\057\000\040\006\110\000\040\006\052\006\064\006\061\006\314\006\055\000\040\006\054\006\062\006\046\006\314\006\047\006\052\000\040\006\042\006\106}{section.2.3}% 26
\BOOKMARK [1][-]{section.2.4}{\376\377\006\047\006\104\006\257\006\110\006\061\006\314\006\052\006\105\000\040\006\057\006\061\006\056\006\052\000\040\006\054\006\063\006\052\006\054\006\110\006\314\000\040\006\052\006\065\006\047\006\057\006\101\006\314}{chapter.2}% 27
\BOOKMARK [2][-]{subsection.2.4.1}{\376\377\006\064\006\050\006\314\006\107\040\014\006\063\006\047\006\062\006\314\000\040\006\057\006\110\006\050\006\071\006\057\006\314\000\040\006\050\006\047\000\040\006\176\006\047\006\314\006\052\006\110\006\106}{section.2.4}% 28
\BOOKMARK [3][-]{subsubsection.2.4.1.1}{\376\377\006\064\006\050\006\107\040\014\006\251\006\057\000\040\006\110\000\040\006\052\006\064\006\061\006\314\006\055\000\040\006\054\006\062\006\046\006\314\006\047\006\052\000\040\006\050\006\061\006\106\006\047\006\105\006\107}{subsection.2.4.1}% 29
\BOOKMARK [3][-]{subsubsection.2.4.1.2}{\376\377\006\047\006\057\006\072\006\047\006\105\000\040\006\047\006\104\006\257\006\110\006\061\006\314\006\052\006\105\000\040\006\050\006\047\000\040\006\102\006\047\006\050\006\104\006\314\006\052\040\014\006\107\006\047\006\314\000\040\006\061\006\050\006\047\006\052\000\040\006\050\006\107\000\040\006\105\006\106\006\070\006\110\006\061\000\040\006\176\006\314\006\047\006\057\006\107\040\014\006\063\006\047\006\062\006\314}{subsection.2.4.1}% 30
\BOOKMARK [1][-]{section.2.5}{\376\377\000L\000o\000c\000a\000l\000i\000z\000a\000t\000i\000o\000n}{chapter.2}% 31
\BOOKMARK [2][-]{subsection.2.5.1}{\376\377\006\047\006\063\006\052\006\101\006\047\006\057\006\107\000\040\006\047\006\062\000\040\006\052\006\257}{section.2.5}% 32
\BOOKMARK [3][-]{subsubsection.2.5.1.1}{\376\377\006\105\006\101\006\047\006\107\006\314\006\105\000\040\006\047\006\065\006\104\006\314}{subsection.2.5.1}% 33
\BOOKMARK [3][-]{subsubsection.2.5.1.2}{\376\377\006\064\006\050\006\107\040\014\006\251\006\057\000\040\006\110\000\040\006\052\006\064\006\061\006\314\006\055\000\040\006\054\006\062\006\046\006\314\006\047\006\052\000\040\006\050\006\061\006\106\006\047\006\105\006\107}{subsection.2.5.1}% 34
\BOOKMARK [1][-]{section.2.6}{\376\377\006\054\006\105\006\071\000\040\006\050\006\106\006\057\006\314}{chapter.2}% 35
\BOOKMARK [0][-]{chapter.3}{\376\377\006\106\006\061\006\105\000\040\040\014\006\047\006\101\006\062\006\047\006\061\000\040\006\110\000\040\006\047\006\061\006\052\006\050\006\047\006\067\006\047\006\052}{}% 36
\BOOKMARK [1][-]{section.3.1}{\376\377\006\047\006\061\006\052\006\050\006\047\006\067\006\047\006\052\000\040\006\110\000\040\006\063\006\061\006\110\006\061}{chapter.3}% 37
\BOOKMARK [2][-]{subsection.3.1.1}{\376\377\006\047\006\052\006\065\006\047\006\104\000\040\006\050\006\314\006\063\006\314\006\105\000\040\006\057\006\110\006\061\006\050\006\314\006\106\000\040\006\050\006\107\000\040\006\063\006\061\006\110\006\061}{section.3.1}% 38
\BOOKMARK [3][-]{subsubsection.3.1.1.1}{\376\377\006\105\006\101\006\047\006\107\006\314\006\105\000\040\006\047\006\065\006\104\006\314}{subsection.3.1.1}% 39
\BOOKMARK [3][-]{subsubsection.3.1.1.2}{\376\377\006\064\006\050\006\107\040\014\006\251\006\057\000\040\006\110\000\040\006\052\006\064\006\061\006\314\006\055\000\040\006\054\006\062\006\046\006\314\006\047\006\052\000\040\006\050\006\061\006\106\006\047\006\105\006\107}{subsection.3.1.1}% 40
\BOOKMARK [2][-]{subsection.3.1.2}{\376\377\000H\000a\000n\000d\000l\000e\000r\000s}{section.3.1}% 41
\BOOKMARK [3][-]{subsubsection.3.1.2.1}{\376\377\006\106\006\055\006\110\006\107\000\040\006\251\006\047\006\061\006\251\006\061\006\057\000\040\006\063\006\061\006\110\006\061\000\040\006\110\000\040\006\106\006\102\006\064\000\040\006\107\006\106\006\057\006\104\006\061\040\014\006\107\006\047}{subsection.3.1.2}% 42
\BOOKMARK [3][-]{subsubsection.3.1.2.2}{\376\377\006\064\006\050\006\107\040\014\006\251\006\057\000\040\006\110\000\040\006\052\006\064\006\061\006\314\006\055\000\040\006\054\006\062\006\046\006\314\006\047\006\052\000\040\006\050\006\061\006\106\006\047\006\105\006\107\000\040}{subsection.3.1.2}% 43
\BOOKMARK [3][-]{subsubsection.3.1.2.3}{\376\377\006\251\006\110\006\046\006\061\006\314\000\040\006\047\006\063\006\052\006\061\006\314\006\106\006\257}{subsection.3.1.2}% 44
\BOOKMARK [3][-]{subsubsection.3.1.2.4}{\376\377\006\052\006\047\006\050\006\071\000\040\006\107\006\106\006\057\006\104\006\061}{subsection.3.1.2}% 45
\BOOKMARK [2][-]{subsection.3.1.3}{\376\377\006\047\006\061\006\052\006\050\006\047\006\067\000\040\000U\000S\000A\000R\000T}{section.3.1}% 46
\BOOKMARK [1][-]{section.3.2}{\376\377\006\047\006\052\006\065\006\047\006\104\000\040\006\057\006\110\000\040\006\050\006\061\006\057\000\040\006\050\006\107\000\040\006\314\006\251\006\057\006\314\006\257\006\061}{chapter.3}% 47
\BOOKMARK [1][-]{section.3.3}{\376\377\006\054\006\105\006\071\040\014\006\050\006\106\006\057\006\314}{chapter.3}% 48
\BOOKMARK [0][-]{chapter.4}{\376\377\006\063\006\056\006\052\000\040\006\047\006\101\006\062\006\047\006\061\000\040\006\047\006\104\006\251\006\052\006\061\006\110\006\106\006\314\006\251\006\314\000\040\006\061\006\050\006\047\006\052}{}% 49
\BOOKMARK [1][-]{section.4.1}{\376\377\006\105\006\102\006\057\006\105\006\107}{chapter.4}% 50
\BOOKMARK [1][-]{section.4.2}{\376\377\006\176\006\061\006\057\006\047\006\062\006\106\006\057\006\107\000\040\000A\000R\000M\000\040\006\063\006\061\006\314\000\040\000F\0001\0000\0003\000C\0008\000T\0006}{chapter.4}% 51
\BOOKMARK [1][-]{section.4.3}{\376\377\006\105\006\047\006\230\006\110\006\104\000\040\000E\000S\000P\0003\0002\000-\000C\000A\000M}{chapter.4}% 52
\BOOKMARK [1][-]{section.4.4}{\376\377\006\057\006\110\006\061\006\050\006\314\006\106\000\040\000O\000V\0002\0006\0004\0000}{chapter.4}% 53
\BOOKMARK [1][-]{section.4.5}{\376\377\006\063\006\061\006\110\006\105\006\110\006\052\006\110\006\061}{chapter.4}% 54
\BOOKMARK [2][-]{subsection.4.5.1}{\376\377\006\061\006\110\006\064\000\040\000P\000W\000M}{section.4.5}% 55
\BOOKMARK [3][-]{subsubsection.4.5.1.1}{\376\377\006\105\006\057\006\110\006\104\006\047\006\063\006\314\006\110\006\106\000\040\006\206\006\314\006\063\006\052\006\037}{subsection.4.5.1}% 56
\BOOKMARK [3][-]{subsubsection.4.5.1.2}{\376\377\006\105\006\057\006\110\006\104\006\047\006\063\006\314\006\110\006\106\000\040\006\176\006\107\006\106\006\047\006\314\000\040\006\176\006\047\006\104\006\063}{subsection.4.5.1}% 57
\BOOKMARK [1][-]{section.4.6}{\376\377\006\052\006\054\006\107\006\314\006\062\006\047\006\052\000\040\006\105\006\251\006\047\006\106\006\314\006\251\006\314}{chapter.4}% 58
\BOOKMARK [2][-]{subsection.4.6.1}{\376\377\006\176\006\314\006\106\040\014\006\107\006\057\006\061}{section.4.6}% 59
\BOOKMARK [1][-]{section.4.7}{\376\377\006\054\006\105\006\071\000\040\006\050\006\106\006\057\006\314}{chapter.4}% 60
\BOOKMARK [0][-]{chapter.5}{\376\377\000\040\006\106\006\052\006\047\006\314\006\054\000\040\006\110\000\040\006\176\006\314\006\064\006\106\006\107\006\047\006\057\006\047\006\052}{}% 61
\BOOKMARK [1][-]{section.5.1}{\376\377\006\106\006\052\006\047\006\314\006\054}{chapter.5}% 62
\BOOKMARK [2][-]{subsection.5.1.1}{\376\377\006\106\006\052\006\047\006\314\006\054\000\040\006\064\006\050\006\314\006\107\040\014\006\063\006\047\006\062\006\314\000\040\006\047\006\104\006\257\006\110\006\061\006\314\006\052\006\105\000\040\006\057\006\061\006\056\006\052\000\040\006\054\006\063\006\052\006\054\006\110\006\314\000\040\006\052\006\065\006\047\006\057\006\101\006\314}{section.5.1}% 63
\BOOKMARK [2][-]{subsection.5.1.2}{\376\377\006\106\006\052\006\314\006\054\006\107\000\040\006\052\006\064\006\056\006\314\006\065\000\040\006\105\006\047\006\106\006\071}{section.5.1}% 64
\BOOKMARK [2][-]{subsection.5.1.3}{\376\377\006\106\006\052\006\047\006\314\006\054\000\040\006\176\006\314\006\047\006\057\006\107\040\014\006\063\006\047\006\062\006\314\000\040\006\071\006\105\006\104\006\314}{section.5.1}% 65
\BOOKMARK [2][-]{subsection.5.1.4}{\376\377\006\106\006\052\006\047\006\314\006\054\000\040\006\105\006\251\006\047\006\106\040\014\006\314\006\047\006\050\006\314}{section.5.1}% 66
\BOOKMARK [1][-]{section.5.2}{\376\377\006\176\006\314\006\064\006\106\006\107\006\047\006\057\006\047\006\052}{chapter.5}% 67
\BOOKMARK [0][-]{appendix*.40}{\376\377\006\251\006\052\006\047\006\050\040\014\006\106\006\047\006\105\006\107}{}% 68
\BOOKMARK [0][-]{appendix*.41}{\376\377\006\176\006\314\006\110\006\063\006\052}{}% 69
\BOOKMARK [1][-]{section.Alph0.1}{\376\377\006\251\006\057\000\040\000L\000o\000c\000a\000l\000i\000z\000a\000t\000i\000o\000n}{appendix*.41}% 70
